Thu Oct 24 17:42:10 2019	Log: Pavel           Pass: 12345           a         
Tue Oct 29 21:45:32 2019	Log: Pavel           Pass: 12345           a         
Thu Nov  7 21:55:41 2019	Log: Pavel           Pass: 12345           a         
Thu Nov  7 21:56:56 2019	Log: Pavel           Pass: 12345           a         
Thu Nov  7 21:57:48 2019	Log: Pavel           Pass: 12345           a         
Sat Nov  9 20:32:41 2019	Log: Pavel           Pass: 12345           a         
Sat Nov  9 20:33:06 2019	Log: Pavel           Pass: 12345           a         
Sat Nov  9 20:34:08 2019	Log: Pavel           Pass: 12345           a         
Sat Nov  9 20:35:49 2019	Log: Pavel           Pass: 12345           a         
Sun Nov 24 18:50:55 2019	Log: Pavel           Pass: 12345           a         
Wed Dec 18 20:33:14 2019	Log: Pavel           Pass: 12345           a         
Wed Dec 18 20:36:04 2019	Log: Pavel           Pass: 123456          ERROR     
Wed Dec 18 20:36:12 2019	Log: Pavel           Pass: 12345           a         
Wed Dec 18 20:38:34 2019	Log: Pavel           Pass: 12345           a         
Wed Dec 18 20:41:25 2019	Log: Pavel           Pass: 12345           a         
Wed Dec 18 20:43:29 2019	Log: Pavel           Pass: 12345           a         
Wed Dec 18 20:48:23 2019	Log: Pavel           Pass: 12345           a         
Wed Dec 18 20:49:20 2019	Log: Vlad            Pass: qwerty          o         
Wed Dec 18 20:50:36 2019	Log: Pavel           Pass: 12345           a         
Wed Dec 18 20:51:13 2019	Log: Vlad            Pass: qwerty          o         
Wed Dec 18 20:51:48 2019	Log: Pavel           Pass: 123456          ERROR     
Wed Dec 18 20:51:52 2019	Log: Pavel           Pass: 12345           a         
Wed Dec 18 20:54:20 2019	Log: Pavel           Pass: 12345           a         
